<?xml version="1.0" encoding="UTF-8"?>
<testng-results skipped="0" failed="0" ignored="0" total="1" passed="1">
  <reporter-output>
  </reporter-output>
  <suite name="AtmecsWebsiteValidation" duration-ms="82721" started-at="2019-09-29T18:23:44Z" finished-at="2019-09-29T18:25:07Z">
    <groups>
    </groups>
    <test name="ValidatingMenuFields" duration-ms="82721" started-at="2019-09-29T18:23:44Z" finished-at="2019-09-29T18:25:07Z">
      <class name="com.atmecs.atmecswebsite.testscripts.AtmecsWebsiteVerifyFooter">
        <test-method status="PASS" signature="initializeBrowser()[pri:0, instance:com.atmecs.atmecswebsite.testscripts.AtmecsWebsiteVerifyFooter@1f28c152]" name="initializeBrowser" is-config="true" duration-ms="44748" started-at="2019-09-29T18:23:44Z" finished-at="2019-09-29T18:24:29Z">
          <reporter-output>
          </reporter-output>
        </test-method> <!-- initializeBrowser -->
        <test-method status="PASS" signature="verifyFooter()[pri:0, instance:com.atmecs.atmecswebsite.testscripts.AtmecsWebsiteVerifyFooter@1f28c152]" name="verifyFooter" duration-ms="37941" started-at="2019-09-29T18:24:29Z" finished-at="2019-09-29T18:25:07Z">
          <reporter-output>
          </reporter-output>
        </test-method> <!-- verifyFooter -->
        <test-method status="PASS" signature="endTest()[pri:0, instance:com.atmecs.atmecswebsite.testscripts.AtmecsWebsiteVerifyFooter@1f28c152]" name="endTest" is-config="true" duration-ms="838" started-at="2019-09-29T18:25:07Z" finished-at="2019-09-29T18:25:08Z">
          <reporter-output>
          </reporter-output>
        </test-method> <!-- endTest -->
      </class> <!-- com.atmecs.atmecswebsite.testscripts.AtmecsWebsiteVerifyFooter -->
    </test> <!-- ValidatingMenuFields -->
  </suite> <!-- AtmecsWebsiteValidation -->
</testng-results>
