<?xml version="1.0" encoding="UTF-8"?>
<testng-results skipped="0" failed="0" ignored="0" total="1" passed="1">
  <reporter-output>
  </reporter-output>
  <suite name="Default suite" duration-ms="40504" started-at="2019-09-26T15:29:43Z" finished-at="2019-09-26T15:30:23Z">
    <groups>
    </groups>
    <test name="Default test" duration-ms="40504" started-at="2019-09-26T15:29:43Z" finished-at="2019-09-26T15:30:23Z">
      <class name="com.atmecs.atmecswebsite.testscripts.InsightBlog">
        <test-method status="PASS" signature="initializeBrowser()[pri:0, instance:com.atmecs.atmecswebsite.testscripts.InsightBlog@7d907bac]" name="initializeBrowser" is-config="true" duration-ms="25830" started-at="2019-09-26T15:29:43Z" finished-at="2019-09-26T15:30:09Z">
          <reporter-output>
          </reporter-output>
        </test-method> <!-- initializeBrowser -->
        <test-method status="PASS" signature="insightBlog()[pri:0, instance:com.atmecs.atmecswebsite.testscripts.InsightBlog@7d907bac]" name="insightBlog" duration-ms="14631" started-at="2019-09-26T15:30:09Z" finished-at="2019-09-26T15:30:23Z">
          <reporter-output>
          </reporter-output>
        </test-method> <!-- insightBlog -->
      </class> <!-- com.atmecs.atmecswebsite.testscripts.InsightBlog -->
    </test> <!-- Default test -->
  </suite> <!-- Default suite -->
</testng-results>
